[debug] [2025-06-23T12:14:15.155Z] ----------------------------------------------------------------------
[debug] [2025-06-23T12:14:15.158Z] Command:       D:\Programs\node.exe C:\Users\Lenovo\AppData\Roaming\npm\node_modules\firebase-tools\lib\bin\firebase.js init hosting
[debug] [2025-06-23T12:14:15.158Z] CLI Version:   14.4.0
[debug] [2025-06-23T12:14:15.158Z] Platform:      win32
[debug] [2025-06-23T12:14:15.159Z] Node Version:  v22.11.0
[debug] [2025-06-23T12:14:15.159Z] Time:          Mon Jun 23 2025 05:14:15 GMT-0700 (Pacific Daylight Time)
[debug] [2025-06-23T12:14:15.159Z] ----------------------------------------------------------------------
[debug] 
[debug] [2025-06-23T12:14:15.162Z] >>> [apiv2][query] GET https://firebase-public.firebaseio.com/cli.json [none]
[debug] [2025-06-23T12:14:15.454Z] > command requires scopes: ["email","openid","https://www.googleapis.com/auth/cloudplatformprojects.readonly","https://www.googleapis.com/auth/firebase","https://www.googleapis.com/auth/cloud-platform"]
[debug] [2025-06-23T12:14:15.455Z] > authorizing via signed-in user (gharammalik.6@gmail.com)
[info] 
     ######## #### ########  ######## ########     ###     ######  ########
     ##        ##  ##     ## ##       ##     ##  ##   ##  ##       ##
     ######    ##  ########  ######   ########  #########  ######  ######
     ##        ##  ##    ##  ##       ##     ## ##     ##       ## ##
     ##       #### ##     ## ######## ########  ##     ##  ######  ########

You're about to initialize a Firebase project in this directory:

  D:\Projects\swai-app\front\client

Before we get started, keep in mind:

  * You are initializing within an existing Firebase project directory

[debug] [2025-06-23T12:14:15.893Z] *** [apiv2] error from fetch(https://firebase-public.firebaseio.com/cli.json, {"headers":{},"method":"GET"}): FetchError: request to https://firebase-public.firebaseio.com/cli.json failed, reason: read ECONNRESET
[warn] !  Unable to fetch the CLI MOTD and remote config. This is not a fatal error, but may indicate an issue with your network connection. 
[debug] [2025-06-23T12:14:15.895Z] Failed to fetch MOTD FirebaseError: Failed to make request to https://firebase-public.firebaseio.com/cli.json
[info] 
=== Project Setup
[info] 
[info] First, let's associate this project directory with a Firebase project.
[info] You can create multiple project aliases by running firebase use --add, 
[info] but for now we'll just set up a default project.
[info] 
[debug] [2025-06-23T12:14:28.694Z] Using project from CLI flag: swai-auth
[debug] [2025-06-23T12:14:28.695Z] Checked if tokens are valid: false, expires at: 1748608479660
[debug] [2025-06-23T12:14:28.696Z] Checked if tokens are valid: false, expires at: 1748608479660
[debug] [2025-06-23T12:14:28.696Z] > refreshing access token with scopes: []
[debug] [2025-06-23T12:14:28.698Z] >>> [apiv2][query] POST https://www.googleapis.com/oauth2/v3/token [none]
[debug] [2025-06-23T12:14:28.699Z] >>> [apiv2][body] POST https://www.googleapis.com/oauth2/v3/token [omitted]
[debug] [2025-06-23T12:14:29.211Z] <<< [apiv2][status] POST https://www.googleapis.com/oauth2/v3/token 200
[debug] [2025-06-23T12:14:29.212Z] <<< [apiv2][body] POST https://www.googleapis.com/oauth2/v3/token [omitted]
[debug] [2025-06-23T12:14:29.263Z] >>> [apiv2][query] GET https://firebase.googleapis.com/v1beta1/projects/swai-auth [none]
[debug] [2025-06-23T12:14:29.802Z] <<< [apiv2][status] GET https://firebase.googleapis.com/v1beta1/projects/swai-auth 403
[debug] [2025-06-23T12:14:29.804Z] <<< [apiv2][body] GET https://firebase.googleapis.com/v1beta1/projects/swai-auth "<!DOCTYPE html>\n<html lang=en>\n  <meta charset=utf-8>\n  <meta name=viewport content=\"initial-scale=1, minimum-scale=1, width=device-width\">\n  <title>Error 403 (Forbidden)!!1</title>\n  <style>\n    *{margin:0;padding:0}html,code{font:15px/22px arial,sans-serif}html{background:#fff;color:#222;padding:15px}body{margin:7% auto 0;max-width:390px;min-height:180px;padding:30px 0 15px}* > body{background:url(//www.google.com/images/errors/robot.png) 100% 5px no-repeat;padding-right:205px}p{margin:11px 0 22px;overflow:hidden}ins{color:#777;text-decoration:none}a img{border:0}@media screen and (max-width:772px){body{background:none;margin-top:0;max-width:none;padding-right:0}}#logo{background:url(//www.google.com/images/branding/googlelogo/1x/googlelogo_color_150x54dp.png) no-repeat;margin-left:-5px}@media only screen and (min-resolution:192dpi){#logo{background:url(//www.google.com/images/branding/googlelogo/2x/googlelogo_color_150x54dp.png) no-repeat 0% 0%/100% 100%;-moz-border-image:url(//www.google.com/images/branding/googlelogo/2x/googlelogo_color_150x54dp.png) 0}}@media only screen and (-webkit-min-device-pixel-ratio:2){#logo{background:url(//www.google.com/images/branding/googlelogo/2x/googlelogo_color_150x54dp.png) no-repeat;-webkit-background-size:100% 100%}}#logo{display:inline-block;height:54px;width:150px}\n  </style>\n  <a href=//www.google.com/><span id=logo aria-label=Google></span></a>\n  <p><b>403.</b> <ins>That’s an error.</ins>\n  <p>Your client does not have permission to get URL <code>/v1beta1/projects/swai-auth</code> from this server.  <ins>That’s all we know.</ins>\n"
[debug] [2025-06-23T12:14:29.805Z] Unable to parse JSON: SyntaxError: Unexpected token '<', "<!DOCTYPE "... is not valid JSON
[debug] [2025-06-23T12:14:30.551Z] FirebaseError: Unable to parse JSON: SyntaxError: Unexpected token '<', "<!DOCTYPE "... is not valid JSON
    at RetryOperation._fn (C:\Users\Lenovo\AppData\Roaming\npm\node_modules\firebase-tools\lib\apiv2.js:279:39)
    at process.processTicksAndRejections (node:internal/process/task_queues:105:5)
[error] 
[error] Error: Failed to get Firebase project swai-auth. Please make sure the project exists and your account has permission to access it.
[debug] [2025-06-23T12:18:46.322Z] ----------------------------------------------------------------------
[debug] [2025-06-23T12:18:46.329Z] Command:       D:\Programs\node.exe C:\Users\Lenovo\AppData\Roaming\npm\node_modules\firebase-tools\lib\bin\firebase.js init hosting
[debug] [2025-06-23T12:18:46.330Z] CLI Version:   14.8.0
[debug] [2025-06-23T12:18:46.330Z] Platform:      win32
[debug] [2025-06-23T12:18:46.330Z] Node Version:  v22.11.0
[debug] [2025-06-23T12:18:46.331Z] Time:          Mon Jun 23 2025 05:18:46 GMT-0700 (Pacific Daylight Time)
[debug] [2025-06-23T12:18:46.331Z] ----------------------------------------------------------------------
[debug] 
[debug] [2025-06-23T12:18:46.337Z] >>> [apiv2][query] GET https://firebase-public.firebaseio.com/cli.json [none]
[debug] [2025-06-23T12:18:46.647Z] > command requires scopes: ["email","openid","https://www.googleapis.com/auth/cloudplatformprojects.readonly","https://www.googleapis.com/auth/firebase","https://www.googleapis.com/auth/cloud-platform"]
[debug] [2025-06-23T12:18:46.648Z] > authorizing via signed-in user (gharammalik.6@gmail.com)
[info] 
     ######## #### ########  ######## ########     ###     ######  ########
     ##        ##  ##     ## ##       ##     ##  ##   ##  ##       ##
     ######    ##  ########  ######   ########  #########  ######  ######
     ##        ##  ##    ##  ##       ##     ## ##     ##       ## ##
     ##       #### ##     ## ######## ########  ##     ##  ######  ########

You're about to initialize a Firebase project in this directory:

  D:\Projects\swai-app\front\client

Before we get started, keep in mind:

  * You are initializing within an existing Firebase project directory

[debug] [2025-06-23T12:18:46.940Z] *** [apiv2] error from fetch(https://firebase-public.firebaseio.com/cli.json, {"headers":{},"method":"GET"}): FetchError: request to https://firebase-public.firebaseio.com/cli.json failed, reason: Client network socket disconnected before secure TLS connection was established
[warn] !  Unable to fetch the CLI MOTD and remote config. This is not a fatal error, but may indicate an issue with your network connection. 
[debug] [2025-06-23T12:18:46.942Z] Failed to fetch MOTD FirebaseError: Failed to make request to https://firebase-public.firebaseio.com/cli.json
[info] 
=== Project Setup
[info] 
[info] First, let's associate this project directory with a Firebase project.
[info] You can create multiple project aliases by running firebase use --add, 
[info] but for now we'll just set up a default project.
[info] 
[debug] [2025-06-23T12:19:00.513Z] Using project from CLI flag: swai-auth
[debug] [2025-06-23T12:19:00.514Z] Checked if tokens are valid: true, expires at: 1750684468213
[debug] [2025-06-23T12:19:00.514Z] Checked if tokens are valid: true, expires at: 1750684468213
[debug] [2025-06-23T12:19:00.515Z] >>> [apiv2][query] GET https://firebase.googleapis.com/v1beta1/projects/swai-auth [none]
[debug] [2025-06-23T12:19:01.319Z] <<< [apiv2][status] GET https://firebase.googleapis.com/v1beta1/projects/swai-auth 403
[debug] [2025-06-23T12:19:01.319Z] <<< [apiv2][body] GET https://firebase.googleapis.com/v1beta1/projects/swai-auth "<!DOCTYPE html>\n<html lang=en>\n  <meta charset=utf-8>\n  <meta name=viewport content=\"initial-scale=1, minimum-scale=1, width=device-width\">\n  <title>Error 403 (Forbidden)!!1</title>\n  <style>\n    *{margin:0;padding:0}html,code{font:15px/22px arial,sans-serif}html{background:#fff;color:#222;padding:15px}body{margin:7% auto 0;max-width:390px;min-height:180px;padding:30px 0 15px}* > body{background:url(//www.google.com/images/errors/robot.png) 100% 5px no-repeat;padding-right:205px}p{margin:11px 0 22px;overflow:hidden}ins{color:#777;text-decoration:none}a img{border:0}@media screen and (max-width:772px){body{background:none;margin-top:0;max-width:none;padding-right:0}}#logo{background:url(//www.google.com/images/branding/googlelogo/1x/googlelogo_color_150x54dp.png) no-repeat;margin-left:-5px}@media only screen and (min-resolution:192dpi){#logo{background:url(//www.google.com/images/branding/googlelogo/2x/googlelogo_color_150x54dp.png) no-repeat 0% 0%/100% 100%;-moz-border-image:url(//www.google.com/images/branding/googlelogo/2x/googlelogo_color_150x54dp.png) 0}}@media only screen and (-webkit-min-device-pixel-ratio:2){#logo{background:url(//www.google.com/images/branding/googlelogo/2x/googlelogo_color_150x54dp.png) no-repeat;-webkit-background-size:100% 100%}}#logo{display:inline-block;height:54px;width:150px}\n  </style>\n  <a href=//www.google.com/><span id=logo aria-label=Google></span></a>\n  <p><b>403.</b> <ins>That’s an error.</ins>\n  <p>Your client does not have permission to get URL <code>/v1beta1/projects/swai-auth</code> from this server.  <ins>That’s all we know.</ins>\n"
[debug] [2025-06-23T12:19:01.319Z] Unable to parse JSON: SyntaxError: Unexpected token '<', "<!DOCTYPE "... is not valid JSON
[debug] [2025-06-23T12:19:02.253Z] FirebaseError: Unable to parse JSON: SyntaxError: Unexpected token '<', "<!DOCTYPE "... is not valid JSON
    at RetryOperation._fn (C:\Users\Lenovo\AppData\Roaming\npm\node_modules\firebase-tools\lib\apiv2.js:279:39)
    at process.processTicksAndRejections (node:internal/process/task_queues:105:5)
[error] 
[error] Error: Failed to get Firebase project swai-auth. Please make sure the project exists and your account has permission to access it.
[debug] [2025-06-23T12:20:57.571Z] ----------------------------------------------------------------------
[debug] [2025-06-23T12:20:57.575Z] Command:       D:\Programs\node.exe C:\Users\Lenovo\AppData\Roaming\npm\node_modules\firebase-tools\lib\bin\firebase.js init hosting
[debug] [2025-06-23T12:20:57.575Z] CLI Version:   14.8.0
[debug] [2025-06-23T12:20:57.575Z] Platform:      win32
[debug] [2025-06-23T12:20:57.575Z] Node Version:  v22.11.0
[debug] [2025-06-23T12:20:57.576Z] Time:          Mon Jun 23 2025 05:20:57 GMT-0700 (Pacific Daylight Time)
[debug] [2025-06-23T12:20:57.576Z] ----------------------------------------------------------------------
[debug] 
[debug] [2025-06-23T12:20:57.579Z] >>> [apiv2][query] GET https://firebase-public.firebaseio.com/cli.json [none]
[debug] [2025-06-23T12:20:57.884Z] > command requires scopes: ["email","openid","https://www.googleapis.com/auth/cloudplatformprojects.readonly","https://www.googleapis.com/auth/firebase","https://www.googleapis.com/auth/cloud-platform"]
[debug] [2025-06-23T12:20:57.885Z] > authorizing via signed-in user (gharammalik.6@gmail.com)
[info] 
     ######## #### ########  ######## ########     ###     ######  ########
     ##        ##  ##     ## ##       ##     ##  ##   ##  ##       ##
     ######    ##  ########  ######   ########  #########  ######  ######
     ##        ##  ##    ##  ##       ##     ## ##     ##       ## ##
     ##       #### ##     ## ######## ########  ##     ##  ######  ########

You're about to initialize a Firebase project in this directory:

  D:\Projects\swai-app\front\client

Before we get started, keep in mind:

  * You are initializing within an existing Firebase project directory

[debug] [2025-06-23T12:21:00.189Z] <<< [apiv2][status] GET https://firebase-public.firebaseio.com/cli.json 200
[debug] [2025-06-23T12:21:00.189Z] <<< [apiv2][body] GET https://firebase-public.firebaseio.com/cli.json {"cloudBuildErrorAfter":1594252800000,"cloudBuildWarnAfter":1590019200000,"defaultNode10After":1594252800000,"minVersion":"3.0.5","node8DeploysDisabledAfter":1613390400000,"node8RuntimeDisabledAfter":1615809600000,"node8WarnAfter":1600128000000}
[info] 
=== Project Setup
[info] 
[info] First, let's associate this project directory with a Firebase project.
[info] You can create multiple project aliases by running firebase use --add, 
[info] but for now we'll just set up a default project.
[info] 
[debug] [2025-06-23T12:21:06.691Z] Using project from CLI flag: swai-auth
[debug] [2025-06-23T12:21:06.693Z] Checked if tokens are valid: true, expires at: 1750684468213
[debug] [2025-06-23T12:21:06.693Z] Checked if tokens are valid: true, expires at: 1750684468213
[debug] [2025-06-23T12:21:06.694Z] >>> [apiv2][query] GET https://firebase.googleapis.com/v1beta1/projects/swai-auth [none]
[debug] [2025-06-23T12:21:13.458Z] <<< [apiv2][status] GET https://firebase.googleapis.com/v1beta1/projects/swai-auth 200
[debug] [2025-06-23T12:21:13.458Z] <<< [apiv2][body] GET https://firebase.googleapis.com/v1beta1/projects/swai-auth {"projectId":"swai-auth","projectNumber":"1079787855377","displayName":"swai-auth","name":"projects/swai-auth","resources":{"hostingSite":"swai-auth"},"state":"ACTIVE","etag":"1_cfe8ac87-987c-4e96-82b4-1e1e2a5c2588"}
[info] i  Using project swai-auth (swai-auth) 
[info] 
=== Hosting Setup
[debug] [2025-06-23T12:21:13.477Z] Checked if tokens are valid: true, expires at: 1750684468213
[debug] [2025-06-23T12:21:13.478Z] Checked if tokens are valid: true, expires at: 1750684468213
[debug] [2025-06-23T12:21:13.478Z] >>> [apiv2][query] GET https://firebase.googleapis.com/v1beta1/projects/swai-auth [none]
[debug] [2025-06-23T12:21:14.723Z] <<< [apiv2][status] GET https://firebase.googleapis.com/v1beta1/projects/swai-auth 200
[debug] [2025-06-23T12:21:14.724Z] <<< [apiv2][body] GET https://firebase.googleapis.com/v1beta1/projects/swai-auth {"projectId":"swai-auth","projectNumber":"1079787855377","displayName":"swai-auth","name":"projects/swai-auth","resources":{"hostingSite":"swai-auth"},"state":"ACTIVE","etag":"1_cfe8ac87-987c-4e96-82b4-1e1e2a5c2588"}
[info] 
[info] Your public directory is the folder (relative to your project directory) that
[info] will contain Hosting assets to be uploaded with firebase deploy. If you
[info] have a build process for your assets, use your build's output directory.
[info] 
[debug] [2025-06-23T12:24:14.922Z] >>> [apiv2][query] GET https://www.gstatic.com/firebasejs/releases.json [none]
[debug] [2025-06-23T12:24:16.460Z] <<< [apiv2][status] GET https://www.gstatic.com/firebasejs/releases.json 200
[debug] [2025-06-23T12:24:16.460Z] <<< [apiv2][body] GET https://www.gstatic.com/firebasejs/releases.json {"current":{"version":"11.9.1","browserURL":"https://www.gstatic.com/firebasejs/11.9.1/firebase.js","packageURL":"https://www.gstatic.com/firebasejs/11.9.1/firebase.tgz"},"live":{"version":"11.9","browserURL":"https://www.gstatic.com/firebasejs/live/11.9/firebase.js","packageURL":"https://www.gstatic.com/firebasejs/live/11.9/firebase.tgz"},"components":{"ai":"https://www.gstatic.com/firebasejs/11.9.1/firebase-ai.js","analytics":"https://www.gstatic.com/firebasejs/11.9.1/firebase-analytics.js","app":"https://www.gstatic.com/firebasejs/11.9.1/firebase-app.js","app-check":"https://www.gstatic.com/firebasejs/11.9.1/firebase-app-check.js","auth":"https://www.gstatic.com/firebasejs/11.9.1/firebase-auth.js","auth/cordova":"https://www.gstatic.com/firebasejs/11.9.1/firebase-auth/cordova.js","auth/web-extension":"https://www.gstatic.com/firebasejs/11.9.1/firebase-auth/web-extension.js","functions":"https://www.gstatic.com/firebasejs/11.9.1/firebase-functions.js","firestore":"https://www.gstatic.com/firebasejs/11.9.1/firebase-firestore.js","firestore/lite":"https://www.gstatic.com/firebasejs/11.9.1/firebase-firestore/lite.js","installations":"https://www.gstatic.com/firebasejs/11.9.1/firebase-installations.js","storage":"https://www.gstatic.com/firebasejs/11.9.1/firebase-storage.js","performance":"https://www.gstatic.com/firebasejs/11.9.1/firebase-performance.js","remote-config":"https://www.gstatic.com/firebasejs/11.9.1/firebase-remote-config.js","messaging":"https://www.gstatic.com/firebasejs/11.9.1/firebase-messaging.js","messaging/sw":"https://www.gstatic.com/firebasejs/11.9.1/firebase-messaging/sw.js","database":"https://www.gstatic.com/firebasejs/11.9.1/firebase-database.js","vertexai":"https://www.gstatic.com/firebasejs/11.9.1/firebase-vertexai.js","data-connect":"https://www.gstatic.com/firebasejs/11.9.1/firebase-data-connect.js","firestore.memory":"https://www.gstatic.com/firebasejs/11.9.1/firebase-firestore.memory.js"}}
[info] i  Skipping write of build/index.html 
[info] 
[info] i  Didn't detect a .git folder. Assuming D:\Projects\swai-app\front\client is the project root. 
[info] i  Authorizing with GitHub to upload your service account to a GitHub repository's secrets store. 
[info] 
[info] Visit this URL on this device to log in:
[info] https://github.com/login/oauth/authorize?client_id=89cf50f02ac6aaed3484&state=338135170&redirect_uri=http%3A%2F%2Flocalhost%3A9005&scope=read%3Auser%20repo%20public_repo
[info] 
[info] Waiting for authentication...
[debug] [2025-06-23T12:25:14.095Z] >>> [apiv2][query] POST https://github.com/login/oauth/access_token [none]
[debug] [2025-06-23T12:25:14.096Z] >>> [apiv2][body] POST https://github.com/login/oauth/access_token [stream]
[debug] [2025-06-23T12:25:15.550Z] <<< [apiv2][status] POST https://github.com/login/oauth/access_token 200
[debug] [2025-06-23T12:25:15.550Z] <<< [apiv2][body] POST https://github.com/login/oauth/access_token {"access_token":"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","token_type":"bearer","scope":"read:user,repo"}
[debug] [2025-06-23T12:25:15.555Z] >>> [apiv2][query] GET https://api.github.com/user [none]
[debug] [2025-06-23T12:25:17.596Z] <<< [apiv2][status] GET https://api.github.com/user 200
[debug] [2025-06-23T12:25:17.596Z] <<< [apiv2][body] GET https://api.github.com/user {"login":"xghrm","id":189397938,"node_id":"U_kgDOC0n7sg","avatar_url":"https://avatars.githubusercontent.com/u/189397938?v=4","gravatar_id":"","url":"https://api.github.com/users/xghrm","html_url":"https://github.com/xghrm","followers_url":"https://api.github.com/users/xghrm/followers","following_url":"https://api.github.com/users/xghrm/following{/other_user}","gists_url":"https://api.github.com/users/xghrm/gists{/gist_id}","starred_url":"https://api.github.com/users/xghrm/starred{/owner}{/repo}","subscriptions_url":"https://api.github.com/users/xghrm/subscriptions","organizations_url":"https://api.github.com/users/xghrm/orgs","repos_url":"https://api.github.com/users/xghrm/repos","events_url":"https://api.github.com/users/xghrm/events{/privacy}","received_events_url":"https://api.github.com/users/xghrm/received_events","type":"User","user_view_type":"private","site_admin":false,"name":null,"company":null,"blog":"","location":null,"email":null,"hireable":null,"bio":null,"twitter_username":null,"notification_email":null,"public_repos":0,"public_gists":0,"followers":0,"following":0,"created_at":"2024-11-22T19:38:28Z","updated_at":"2025-06-23T12:23:47Z","private_gists":0,"total_private_repos":0,"owned_private_repos":0,"disk_usage":0,"collaborators":0,"two_factor_authentication":false,"plan":{"name":"free","space":976562499,"collaborators":0,"private_repos":10000}}
[info] 
[info] +  Success! Logged into GitHub as xghrm 
[info] 
[debug] [2025-06-23T12:26:12.874Z] >>> [apiv2][query] GET https://api.github.com/repos/xghrm/swai-app/actions/secrets/public-key type=owner
[debug] [2025-06-23T12:26:14.562Z] <<< [apiv2][status] GET https://api.github.com/repos/xghrm/swai-app/actions/secrets/public-key 404
[debug] [2025-06-23T12:26:14.562Z] <<< [apiv2][body] GET https://api.github.com/repos/xghrm/swai-app/actions/secrets/public-key {"message":"Not Found","documentation_url":"https://docs.github.com/rest/actions/secrets#get-a-repository-public-key","status":"404"}
[info] 
[info] 
[error] !  The provided authorization cannot be used with this repository. If this repository is in an organization, did you remember to grant access? 
[info] 
[info] i  Action required: Visit this URL to ensure access has been granted to the appropriate organization(s) for the Firebase CLI GitHub OAuth App: 
[info] https://github.com/settings/connections/applications/89cf50f02ac6aaed3484
[info] 
[debug] [2025-06-23T12:27:04.665Z] >>> [apiv2][query] GET https://api.github.com/repos/xghrm/swai-app/actions/secrets/public-key type=owner
[debug] [2025-06-23T12:27:06.436Z] <<< [apiv2][status] GET https://api.github.com/repos/xghrm/swai-app/actions/secrets/public-key 404
[debug] [2025-06-23T12:27:06.436Z] <<< [apiv2][body] GET https://api.github.com/repos/xghrm/swai-app/actions/secrets/public-key {"message":"Not Found","documentation_url":"https://docs.github.com/rest/actions/secrets#get-a-repository-public-key","status":"404"}
[info] 
[info] 
[error] !  The provided authorization cannot be used with this repository. If this repository is in an organization, did you remember to grant access? 
[info] 
[info] i  Action required: Visit this URL to ensure access has been granted to the appropriate organization(s) for the Firebase CLI GitHub OAuth App: 
[info] https://github.com/settings/connections/applications/89cf50f02ac6aaed3484
[info] 
